INFO: [VRFC 10-2263] Analyzing Verilog file "C:/Users/youss/arch_lab/arch_project1/arch_project1.srcs/sources_1/new/ALU_control_unit.v" into library xil_defaultlib
INFO: [VRFC 10-311] analyzing module ALU_control_unit
INFO: [VRFC 10-2263] Analyzing Verilog file "C:/Users/youss/arch_lab/arch_project1/arch_project1.srcs/sources_1/new/DataMem.v" into library xil_defaultlib
INFO: [VRFC 10-311] analyzing module DataMem
INFO: [VRFC 10-2263] Analyzing Verilog file "C:/Users/youss/arch_lab/arch_project1/arch_project1.srcs/sources_1/new/ImmGen.v" into library xil_defaultlib
INFO: [VRFC 10-311] analyzing module ImmGen
INFO: [VRFC 10-2263] Analyzing Verilog file "C:/Users/youss/arch_lab/arch_project1/arch_project1.srcs/sources_1/new/alu.v" into library xil_defaultlib
INFO: [VRFC 10-311] analyzing module full_adder
INFO: [VRFC 10-311] analyzing module rca
INFO: [VRFC 10-311] analyzing module mux16x1
INFO: [VRFC 10-311] analyzing module ALU
INFO: [VRFC 10-2263] Analyzing Verilog file "C:/Users/youss/arch_lab/arch_project1/arch_project1.srcs/sources_1/new/control_unit.v" into library xil_defaultlib
INFO: [VRFC 10-311] analyzing module control_unit
INFO: [VRFC 10-2263] Analyzing Verilog file "C:/Users/youss/arch_lab/arch_project1/arch_project1.srcs/sources_1/new/cpu.v" into library xil_defaultlib
INFO: [VRFC 10-311] analyzing module cpu
INFO: [VRFC 10-2263] Analyzing Verilog file "C:/Users/youss/arch_lab/arch_project1/arch_project1.srcs/sources_1/new/instruction_memory.v" into library xil_defaultlib
INFO: [VRFC 10-311] analyzing module instruction_memory
INFO: [VRFC 10-2263] Analyzing Verilog file "C:/Users/youss/arch_lab/arch_project1/arch_project1.srcs/sources_1/new/nbitshiftleft1.v" into library xil_defaultlib
INFO: [VRFC 10-311] analyzing module nbitshiftleft1
INFO: [VRFC 10-2263] Analyzing Verilog file "C:/Users/youss/arch_lab/arch_project1/arch_project1.srcs/sources_1/new/rca.v" into library xil_defaultlib
INFO: [VRFC 10-311] analyzing module full_adder
WARNING: [VRFC 10-3609] overwriting previous definition of module 'full_adder' [C:/Users/youss/arch_lab/arch_project1/arch_project1.srcs/sources_1/new/rca.v:23]
INFO: [VRFC 10-311] analyzing module rca
WARNING: [VRFC 10-3609] overwriting previous definition of module 'rca' [C:/Users/youss/arch_lab/arch_project1/arch_project1.srcs/sources_1/new/rca.v:36]
INFO: [VRFC 10-2263] Analyzing Verilog file "C:/Users/youss/arch_lab/arch_project1/arch_project1.srcs/sources_1/new/register.v" into library xil_defaultlib
INFO: [VRFC 10-311] analyzing module mux2x1
INFO: [VRFC 10-311] analyzing module DFlipFlop
INFO: [VRFC 10-311] analyzing module register
INFO: [VRFC 10-2263] Analyzing Verilog file "C:/Users/youss/arch_lab/arch_project1/arch_project1.srcs/sources_1/new/register_file.v" into library xil_defaultlib
INFO: [VRFC 10-311] analyzing module register_file
INFO: [VRFC 10-2263] Analyzing Verilog file "C:/Users/youss/arch_lab/arch_project1/arch_project1.srcs/sim_1/new/cpu_tb.v" into library xil_defaultlib
INFO: [VRFC 10-311] analyzing module cpu_tb
